<?xml version="1.0" encoding="UTF-8"?>
<testsuite name="com.football.api.ApiApplicationTests" tests="1" skipped="0" failures="0" errors="0" timestamp="2026-04-13T16:32:01.148Z" hostname="zzanggoon8ui-MacBookPro.local" time="3.798">
  <properties/>
  <testcase name="contextLoads()" classname="com.football.api.ApiApplicationTests" time="0.607"/>
  <system-out><![CDATA[01:32:01.250 [Test worker] INFO org.springframework.test.context.support.AnnotationConfigContextLoaderUtils -- Could not detect default configuration classes for test class [com.football.api.ApiApplicationTests]: ApiApplicationTests does not declare any static, non-private, non-final, nested classes annotated with @Configuration.
01:32:01.338 [Test worker] INFO org.springframework.boot.test.context.SpringBootTestContextBootstrapper -- Found @SpringBootConfiguration com.football.api.ApiApplication for test class com.football.api.ApiApplicationTests

  .   ____          _            __ _ _
 /\\ / ___'_ __ _ _(_)_ __  __ _ \ \ \ \
( ( )\___ | '_ | '_| | '_ \/ _` | \ \ \ \
 \\/  ___)| |_)| | | | | || (_| |  ) ) ) )
  '  |____| .__|_| |_|_| |_\__, | / / / /
 =========|_|==============|___/=/_/_/_/

 :: Spring Boot ::                (v3.4.4)

2026-04-14T01:32:01.738+09:00  INFO 2252 --- [api] [    Test worker] com.football.api.ApiApplicationTests     : Starting ApiApplicationTests using Java 21.0.9 with PID 2252 (started by zzanggoon8 in /Users/zzanggoon8/Desktop/ssu_desktop/ssu/code/football/api)
2026-04-14T01:32:01.740+09:00  INFO 2252 --- [api] [    Test worker] com.football.api.ApiApplicationTests     : No active profile set, falling back to 1 default profile: "default"
2026-04-14T01:32:02.269+09:00  INFO 2252 --- [api] [    Test worker] .s.d.r.c.RepositoryConfigurationDelegate : Multiple Spring Data modules found, entering strict repository configuration mode
2026-04-14T01:32:02.271+09:00  INFO 2252 --- [api] [    Test worker] .s.d.r.c.RepositoryConfigurationDelegate : Bootstrapping Spring Data JDBC repositories in DEFAULT mode.
2026-04-14T01:32:02.287+09:00  INFO 2252 --- [api] [    Test worker] .s.d.r.c.RepositoryConfigurationDelegate : Finished Spring Data repository scanning in 10 ms. Found 0 JDBC repository interfaces.
2026-04-14T01:32:02.299+09:00  INFO 2252 --- [api] [    Test worker] .s.d.r.c.RepositoryConfigurationDelegate : Multiple Spring Data modules found, entering strict repository configuration mode
2026-04-14T01:32:02.300+09:00  INFO 2252 --- [api] [    Test worker] .s.d.r.c.RepositoryConfigurationDelegate : Bootstrapping Spring Data JPA repositories in DEFAULT mode.
2026-04-14T01:32:02.305+09:00  INFO 2252 --- [api] [    Test worker] .s.d.r.c.RepositoryConfigurationDelegate : Finished Spring Data repository scanning in 1 ms. Found 0 JPA repository interfaces.
2026-04-14T01:32:02.749+09:00  INFO 2252 --- [api] [    Test worker] com.zaxxer.hikari.HikariDataSource       : HikariPool-1 - Starting...
2026-04-14T01:32:02.916+09:00  INFO 2252 --- [api] [    Test worker] com.zaxxer.hikari.pool.HikariPool        : HikariPool-1 - Added connection conn0: url=jdbc:h2:mem:08e7e967-596a-450e-a988-99f5bb9045be user=SA
2026-04-14T01:32:02.918+09:00  INFO 2252 --- [api] [    Test worker] com.zaxxer.hikari.HikariDataSource       : HikariPool-1 - Start completed.
2026-04-14T01:32:02.969+09:00  INFO 2252 --- [api] [    Test worker] o.hibernate.jpa.internal.util.LogHelper  : HHH000204: Processing PersistenceUnitInfo [name: default]
2026-04-14T01:32:03.019+09:00  INFO 2252 --- [api] [    Test worker] org.hibernate.Version                    : HHH000412: Hibernate ORM core version 6.6.11.Final
2026-04-14T01:32:03.052+09:00  INFO 2252 --- [api] [    Test worker] o.h.c.internal.RegionFactoryInitiator    : HHH000026: Second-level cache disabled
2026-04-14T01:32:03.296+09:00  INFO 2252 --- [api] [    Test worker] o.s.o.j.p.SpringPersistenceUnitInfo      : No LoadTimeWeaver setup: ignoring JPA class transformer
2026-04-14T01:32:03.366+09:00  INFO 2252 --- [api] [    Test worker] org.hibernate.orm.connections.pooling    : HHH10001005: Database info:
	Database JDBC URL [Connecting through datasource 'p6SpyDataSourceDecorator [com.p6spy.engine.spy.P6DataSource] -> dataSource [com.zaxxer.hikari.HikariDataSource]']
	Database driver: undefined/unknown
	Database version: 2.3.232
	Autocommit mode: undefined/unknown
	Isolation level: undefined/unknown
	Minimum pool size: undefined/unknown
	Maximum pool size: undefined/unknown
2026-04-14T01:32:03.645+09:00  INFO 2252 --- [api] [    Test worker] o.h.e.t.j.p.i.JtaPlatformInitiator       : HHH000489: No JTA platform available (set 'hibernate.transaction.jta.platform' to enable JTA platform integration)
2026-04-14T01:32:03.649+09:00  INFO 2252 --- [api] [    Test worker] j.LocalContainerEntityManagerFactoryBean : Initialized JPA EntityManagerFactory for persistence unit 'default'
2026-04-14T01:32:03.805+09:00  WARN 2252 --- [api] [    Test worker] JpaBaseConfiguration$JpaWebConfiguration : spring.jpa.open-in-view is enabled by default. Therefore, database queries may be performed during view rendering. Explicitly configure spring.jpa.open-in-view to disable this warning
2026-04-14T01:32:04.327+09:00  INFO 2252 --- [api] [    Test worker] com.football.api.ApiApplicationTests     : Started ApiApplicationTests in 2.853 seconds (process running for 3.784)
]]></system-out>
  <system-err><![CDATA[Mockito is currently self-attaching to enable the inline-mock-maker. This will no longer work in future releases of the JDK. Please add Mockito as an agent to your build what is described in Mockito's documentation: https://javadoc.io/doc/org.mockito/mockito-core/latest/org/mockito/Mockito.html#0.3
WARNING: A Java agent has been loaded dynamically (/Users/zzanggoon8/.gradle/caches/modules-2/files-2.1/net.bytebuddy/byte-buddy-agent/1.15.11/a38b16385e867f59a641330f0362ebe742788ed8/byte-buddy-agent-1.15.11.jar)
WARNING: If a serviceability tool is in use, please run with -XX:+EnableDynamicAgentLoading to hide this warning
WARNING: If a serviceability tool is not in use, please run with -Djdk.instrument.traceUsage for more information
WARNING: Dynamic loading of agents will be disallowed by default in a future release
]]></system-err>
</testsuite>
